bash: /home/wangqx/anaconda3/envs/open-mmlab/lib/libtinfo.so.6: no version information available (required by bash)
/home/wangqx/anaconda3/lib/python3.10/site-packages/torch/distributed/launch.py:181: FutureWarning: The module torch.distributed.launch is deprecated
and will be removed in future. Use torchrun.
Note that --use-env is set by default in torchrun.
If your script expects `--local-rank` argument to be set, please
change it to read from `os.environ['LOCAL_RANK']` instead. See 
https://pytorch.org/docs/stable/distributed.html#launch-utility for 
further instructions

  warnings.warn(
WARNING:torch.distributed.run:
*****************************************
Setting OMP_NUM_THREADS environment variable for each process to be 1 in default, to avoid your system being overloaded, please further tune the variable for optimal performance in your application as needed. 
*****************************************
Traceback (most recent call last):
  File "/home/wangqx/mmfewshot-main/./tools/detection/train.py", line 10, in <module>
    import mmcv
ModuleNotFoundError: No module named 'mmcv'
Traceback (most recent call last):
  File "/home/wangqx/mmfewshot-main/./tools/detection/train.py", line 10, in <module>
    import mmcv
ModuleNotFoundError: No module named 'mmcv'
WARNING:torch.distributed.elastic.agent.server.api:Received 2 death signal, shutting down workers
Traceback (most recent call last):
  File "/home/wangqx/anaconda3/lib/python3.10/runpy.py", line 196, in _run_module_as_main
    return _run_code(code, main_globals, None,
  File "/home/wangqx/anaconda3/lib/python3.10/runpy.py", line 86, in _run_code
    exec(code, run_globals)
  File "/home/wangqx/anaconda3/lib/python3.10/site-packages/torch/distributed/launch.py", line 196, in <module>
    main()
  File "/home/wangqx/anaconda3/lib/python3.10/site-packages/torch/distributed/launch.py", line 192, in main
    launch(args)
  File "/home/wangqx/anaconda3/lib/python3.10/site-packages/torch/distributed/launch.py", line 177, in launch
    run(args)
  File "/home/wangqx/anaconda3/lib/python3.10/site-packages/torch/distributed/run.py", line 785, in run
    elastic_launch(
  File "/home/wangqx/anaconda3/lib/python3.10/site-packages/torch/distributed/launcher/api.py", line 134, in __call__
    return launch_agent(self._config, self._entrypoint, list(args))
  File "/home/wangqx/anaconda3/lib/python3.10/site-packages/torch/distributed/launcher/api.py", line 241, in launch_agent
    result = agent.run()
  File "/home/wangqx/anaconda3/lib/python3.10/site-packages/torch/distributed/elastic/metrics/api.py", line 129, in wrapper
    result = f(*args, **kwargs)
  File "/home/wangqx/anaconda3/lib/python3.10/site-packages/torch/distributed/elastic/agent/server/api.py", line 723, in run
    result = self._invoke_run(role)
  File "/home/wangqx/anaconda3/lib/python3.10/site-packages/torch/distributed/elastic/agent/server/api.py", line 864, in _invoke_run
    time.sleep(monitor_interval)
  File "/home/wangqx/anaconda3/lib/python3.10/site-packages/torch/distributed/elastic/multiprocessing/api.py", line 62, in _terminate_process_handler
    raise SignalException(f"Process {os.getpid()} got signal: {sigval}", sigval=sigval)
torch.distributed.elastic.multiprocessing.api.SignalException: Process 2917421 got signal: 2
